0 info it worked if it ends with ok
1 verbose cli [ '/usr/local/Cellar/node/7.2.1/bin/node',
1 verbose cli   '/usr/local/bin/npm',
1 verbose cli   'run',
1 verbose cli   'test' ]
2 info using npm@3.10.9
3 info using node@v7.2.1
4 verbose run-script [ 'pretest', 'test', 'posttest' ]
5 info lifecycle npm@1.0.0~pretest: npm@1.0.0
6 silly lifecycle npm@1.0.0~pretest: no script for pretest, continuing
7 info lifecycle npm@1.0.0~test: npm@1.0.0
8 verbose lifecycle npm@1.0.0~test: unsafe-perm in lifecycle true
9 verbose lifecycle npm@1.0.0~test: PATH: /usr/local/lib/node_modules/npm/bin/node-gyp-bin:/Users/chrislamkin/code/React/npm/node_modules/.bin:/usr/local/Cellar/node/7.2.1/bin:/usr/local/share/npm/bin:/usr/local/share/python:/Users/chrislamkin/bin:/usr/local/bin:/Users/chrislamkin/.rvm/gems/ruby-2.3.0/bin:/Users/chrislamkin/.rvm/gems/ruby-2.3.0@global/bin:/Users/chrislamkin/.rvm/rubies/ruby-2.3.0/bin:/usr/local/bin:/usr/bin:/bin:/usr/sbin:/sbin:/Users/chrislamkin/.rvm/bin
10 verbose lifecycle npm@1.0.0~test: CWD: /Users/chrislamkin/code/React/npm
11 silly lifecycle npm@1.0.0~test: Args: [ '-c',
11 silly lifecycle   'ava \'app/**/*.test.js\' --verbose --require ./other/setup-ava-tests.js' ]
12 info lifecycle npm@1.0.0~test: Failed to exec test script
13 verbose stack Error: npm@1.0.0 test: `ava 'app/**/*.test.js' --verbose --require ./other/setup-ava-tests.js`
13 verbose stack spawn ENOENT
13 verbose stack     at ChildProcess.<anonymous> (/usr/local/lib/node_modules/npm/lib/utils/spawn.js:33:16)
13 verbose stack     at emitTwo (events.js:106:13)
13 verbose stack     at ChildProcess.emit (events.js:191:7)
13 verbose stack     at maybeClose (internal/child_process.js:885:16)
13 verbose stack     at Process.ChildProcess._handle.onexit (internal/child_process.js:226:5)
14 verbose pkgid npm@1.0.0
15 verbose cwd /Users/chrislamkin/code/React/npm
16 error Darwin 16.4.0
17 error argv "/usr/local/Cellar/node/7.2.1/bin/node" "/usr/local/bin/npm" "run" "test"
18 error node v7.2.1
19 error npm  v3.10.9
20 error file sh
21 error code ELIFECYCLE
22 error errno ENOENT
23 error syscall spawn
24 error npm@1.0.0 test: `ava 'app/**/*.test.js' --verbose --require ./other/setup-ava-tests.js`
24 error spawn ENOENT
25 error Failed at the npm@1.0.0 test script 'ava 'app/**/*.test.js' --verbose --require ./other/setup-ava-tests.js'.
25 error Make sure you have the latest version of node.js and npm installed.
25 error If you do, this is most likely a problem with the npm package,
25 error not with npm itself.
25 error Tell the author that this fails on your system:
25 error     ava 'app/**/*.test.js' --verbose --require ./other/setup-ava-tests.js
25 error You can get information on how to open an issue for this project with:
25 error     npm bugs npm
25 error Or if that isn't available, you can get their info via:
25 error     npm owner ls npm
25 error There is likely additional logging output above.
26 verbose exit [ 1, true ]
